This file contains any messages produced by compilers while
running configure, to aid debugging if configure makes a mistake.

It was created by configure, which was
generated by GNU Autoconf 2.69.  Invocation command line was

  $ ./configure 

## --------- ##
## Platform. ##
## --------- ##

hostname = abby
uname -m = x86_64
uname -r = 4.13.13-300.fc27.x86_64
uname -s = Linux
uname -v = #1 SMP Wed Nov 15 15:47:50 UTC 2017

/usr/bin/uname -p = x86_64
/bin/uname -X     = unknown

/bin/arch              = x86_64
/usr/bin/arch -k       = unknown
/usr/convex/getsysinfo = unknown
/usr/bin/hostinfo      = unknown
/bin/machine           = unknown
/usr/bin/oslevel       = unknown
/bin/universe          = unknown

PATH: /usr/local/bin
PATH: /usr/bin
PATH: /bin
PATH: /usr/local/sbin
PATH: /usr/sbin
PATH: /home/ry/.local/bin
PATH: /home/ry/bin


## ----------- ##
## Core tests. ##
## ----------- ##

configure:2263: checking build system type
configure:2277: result: x86_64-unknown-linux-gnu
configure:2297: checking host system type
configure:2310: result: x86_64-unknown-linux-gnu
configure:2380: checking for gcc
configure:2396: found /usr/bin/gcc
configure:2407: result: gcc
configure:2636: checking for C compiler version
configure:2645: gcc --version >&5
gcc (GCC) 7.2.1 20170915 (Red Hat 7.2.1-2)
Copyright (C) 2017 Free Software Foundation, Inc.
This is free software; see the source for copying conditions.  There is NO
warranty; not even for MERCHANTABILITY or FITNESS FOR A PARTICULAR PURPOSE.

configure:2656: $? = 0
configure:2645: gcc -v >&5
Using built-in specs.
COLLECT_GCC=gcc
COLLECT_LTO_WRAPPER=/usr/libexec/gcc/x86_64-redhat-linux/7/lto-wrapper
OFFLOAD_TARGET_NAMES=nvptx-none
OFFLOAD_TARGET_DEFAULT=1
Target: x86_64-redhat-linux
Configured with: ../configure --enable-bootstrap --enable-languages=c,c++,objc,obj-c++,fortran,ada,go,lto --prefix=/usr --mandir=/usr/share/man --infodir=/usr/share/info --with-bugurl=http://bugzilla.redhat.com/bugzilla --enable-shared --enable-threads=posix --enable-checking=release --enable-multilib --with-system-zlib --enable-__cxa_atexit --disable-libunwind-exceptions --enable-gnu-unique-object --enable-linker-build-id --with-gcc-major-version-only --with-linker-hash-style=gnu --enable-plugin --enable-initfini-array --with-isl --enable-libmpx --enable-offload-targets=nvptx-none --without-cuda-driver --enable-gnu-indirect-function --with-tune=generic --with-arch_32=i686 --build=x86_64-redhat-linux
Thread model: posix
gcc version 7.2.1 20170915 (Red Hat 7.2.1-2) (GCC) 
configure:2656: $? = 0
configure:2645: gcc -V >&5
gcc: error: unrecognized command line option '-V'
gcc: fatal error: no input files
compilation terminated.
configure:2656: $? = 1
configure:2645: gcc -qversion >&5
gcc: error: unrecognized command line option '-qversion'; did you mean '--version'?
gcc: fatal error: no input files
compilation terminated.
configure:2656: $? = 1
configure:2676: checking whether the C compiler works
configure:2698: gcc    conftest.c  >&5
configure:2702: $? = 0
configure:2750: result: yes
configure:2753: checking for C compiler default output file name
configure:2755: result: a.out
configure:2761: checking for suffix of executables
configure:2768: gcc -o conftest    conftest.c  >&5
configure:2772: $? = 0
configure:2794: result: 
configure:2816: checking whether we are cross compiling
configure:2824: gcc -o conftest    conftest.c  >&5
configure:2828: $? = 0
configure:2835: ./conftest
configure:2839: $? = 0
configure:2854: result: no
configure:2859: checking for suffix of object files
configure:2881: gcc -c   conftest.c >&5
configure:2885: $? = 0
configure:2906: result: o
configure:2910: checking whether we are using the GNU C compiler
configure:2929: gcc -c   conftest.c >&5
configure:2929: $? = 0
configure:2938: result: yes
configure:2947: checking whether gcc accepts -g
configure:2967: gcc -c -g  conftest.c >&5
configure:2967: $? = 0
configure:3008: result: yes
configure:3025: checking for gcc option to accept ISO C89
configure:3088: gcc  -c -g -O2  conftest.c >&5
configure:3088: $? = 0
configure:3101: result: none needed
configure:3165: checking for ranlib
configure:3181: found /usr/bin/ranlib
configure:3192: result: ranlib
configure:3216: checking for ar
configure:3232: found /usr/bin/ar
configure:3243: result: ar
configure:3253: checking for install
configure:3269: found /usr/bin/install
configure:3280: result: install
configure:3309: checking how to run the C preprocessor
configure:3340: gcc -E  conftest.c
configure:3340: $? = 0
configure:3354: gcc -E  conftest.c
conftest.c:9:10: fatal error: ac_nonexistent.h: No such file or directory
 #include <ac_nonexistent.h>
          ^~~~~~~~~~~~~~~~~~
compilation terminated.
configure:3354: $? = 1
configure: failed program was:
| /* confdefs.h */
| #define PACKAGE_NAME ""
| #define PACKAGE_TARNAME ""
| #define PACKAGE_VERSION ""
| #define PACKAGE_STRING ""
| #define PACKAGE_BUGREPORT ""
| #define PACKAGE_URL ""
| /* end confdefs.h.  */
| #include <ac_nonexistent.h>
configure:3379: result: gcc -E
configure:3399: gcc -E  conftest.c
configure:3399: $? = 0
configure:3413: gcc -E  conftest.c
conftest.c:9:10: fatal error: ac_nonexistent.h: No such file or directory
 #include <ac_nonexistent.h>
          ^~~~~~~~~~~~~~~~~~
compilation terminated.
configure:3413: $? = 1
configure: failed program was:
| /* confdefs.h */
| #define PACKAGE_NAME ""
| #define PACKAGE_TARNAME ""
| #define PACKAGE_VERSION ""
| #define PACKAGE_STRING ""
| #define PACKAGE_BUGREPORT ""
| #define PACKAGE_URL ""
| /* end confdefs.h.  */
| #include <ac_nonexistent.h>
configure:3442: checking for grep that handles long lines and -e
configure:3500: result: /usr/bin/grep
configure:3505: checking for egrep
configure:3567: result: /usr/bin/grep -E
configure:3572: checking for ANSI C header files
configure:3592: gcc -c -g -O2  conftest.c >&5
configure:3592: $? = 0
configure:3665: gcc -o conftest -g -O2   conftest.c  >&5
configure:3665: $? = 0
configure:3665: ./conftest
configure:3665: $? = 0
configure:3676: result: yes
configure:3690: checking for sys/types.h
configure:3690: gcc -c -g -O2  conftest.c >&5
configure:3690: $? = 0
configure:3690: result: yes
configure:3690: checking for sys/stat.h
configure:3690: gcc -c -g -O2  conftest.c >&5
configure:3690: $? = 0
configure:3690: result: yes
configure:3690: checking for stdlib.h
configure:3690: gcc -c -g -O2  conftest.c >&5
configure:3690: $? = 0
configure:3690: result: yes
configure:3690: checking for string.h
configure:3690: gcc -c -g -O2  conftest.c >&5
configure:3690: $? = 0
configure:3690: result: yes
configure:3690: checking for memory.h
configure:3690: gcc -c -g -O2  conftest.c >&5
configure:3690: $? = 0
configure:3690: result: yes
configure:3690: checking for strings.h
configure:3690: gcc -c -g -O2  conftest.c >&5
configure:3690: $? = 0
configure:3690: result: yes
configure:3690: checking for inttypes.h
configure:3690: gcc -c -g -O2  conftest.c >&5
configure:3690: $? = 0
configure:3690: result: yes
configure:3690: checking for stdint.h
configure:3690: gcc -c -g -O2  conftest.c >&5
configure:3690: $? = 0
configure:3690: result: yes
configure:3690: checking for unistd.h
configure:3690: gcc -c -g -O2  conftest.c >&5
configure:3690: $? = 0
configure:3690: result: yes
configure:3706: checking size of short
configure:3711: gcc -o conftest -g -O2   conftest.c  >&5
configure:3711: $? = 0
configure:3711: ./conftest
configure:3711: $? = 0
configure:3725: result: 2
configure:3739: checking size of int
configure:3744: gcc -o conftest -g -O2   conftest.c  >&5
configure:3744: $? = 0
configure:3744: ./conftest
configure:3744: $? = 0
configure:3758: result: 4
configure:3772: checking size of long
configure:3777: gcc -o conftest -g -O2   conftest.c  >&5
configure:3777: $? = 0
configure:3777: ./conftest
configure:3777: $? = 0
configure:3791: result: 8
configure:3805: checking size of long long
configure:3810: gcc -o conftest -g -O2   conftest.c  >&5
configure:3810: $? = 0
configure:3810: ./conftest
configure:3810: $? = 0
configure:3824: result: 8
configure:3846: checking for int16_t
configure:3846: gcc -c -g -O2  conftest.c >&5
configure:3846: $? = 0
configure:3846: gcc -c -g -O2  conftest.c >&5
conftest.c: In function 'main':
conftest.c:59:22: error: expected expression before ')' token
 if (sizeof ((int16_t)))
                      ^
configure:3846: $? = 1
configure: failed program was:
| /* confdefs.h */
| #define PACKAGE_NAME ""
| #define PACKAGE_TARNAME ""
| #define PACKAGE_VERSION ""
| #define PACKAGE_STRING ""
| #define PACKAGE_BUGREPORT ""
| #define PACKAGE_URL ""
| #define STDC_HEADERS 1
| #define HAVE_SYS_TYPES_H 1
| #define HAVE_SYS_STAT_H 1
| #define HAVE_STDLIB_H 1
| #define HAVE_STRING_H 1
| #define HAVE_MEMORY_H 1
| #define HAVE_STRINGS_H 1
| #define HAVE_INTTYPES_H 1
| #define HAVE_STDINT_H 1
| #define HAVE_UNISTD_H 1
| #define SIZEOF_SHORT 2
| #define SIZEOF_INT 4
| #define SIZEOF_LONG 8
| #define SIZEOF_LONG_LONG 8
| /* end confdefs.h.  */
| #include <stdio.h>
| #ifdef HAVE_SYS_TYPES_H
| # include <sys/types.h>
| #endif
| #ifdef HAVE_SYS_STAT_H
| # include <sys/stat.h>
| #endif
| #ifdef STDC_HEADERS
| # include <stdlib.h>
| # include <stddef.h>
| #else
| # ifdef HAVE_STDLIB_H
| #  include <stdlib.h>
| # endif
| #endif
| #ifdef HAVE_STRING_H
| # if !defined STDC_HEADERS && defined HAVE_MEMORY_H
| #  include <memory.h>
| # endif
| # include <string.h>
| #endif
| #ifdef HAVE_STRINGS_H
| # include <strings.h>
| #endif
| #ifdef HAVE_INTTYPES_H
| # include <inttypes.h>
| #endif
| #ifdef HAVE_STDINT_H
| # include <stdint.h>
| #endif
| #ifdef HAVE_UNISTD_H
| # include <unistd.h>
| #endif
| int
| main ()
| {
| if (sizeof ((int16_t)))
| 	    return 0;
|   ;
|   return 0;
| }
configure:3846: result: yes
configure:3851: checking for int32_t
configure:3851: gcc -c -g -O2  conftest.c >&5
configure:3851: $? = 0
configure:3851: gcc -c -g -O2  conftest.c >&5
conftest.c: In function 'main':
conftest.c:59:22: error: expected expression before ')' token
 if (sizeof ((int32_t)))
                      ^
configure:3851: $? = 1
configure: failed program was:
| /* confdefs.h */
| #define PACKAGE_NAME ""
| #define PACKAGE_TARNAME ""
| #define PACKAGE_VERSION ""
| #define PACKAGE_STRING ""
| #define PACKAGE_BUGREPORT ""
| #define PACKAGE_URL ""
| #define STDC_HEADERS 1
| #define HAVE_SYS_TYPES_H 1
| #define HAVE_SYS_STAT_H 1
| #define HAVE_STDLIB_H 1
| #define HAVE_STRING_H 1
| #define HAVE_MEMORY_H 1
| #define HAVE_STRINGS_H 1
| #define HAVE_INTTYPES_H 1
| #define HAVE_STDINT_H 1
| #define HAVE_UNISTD_H 1
| #define SIZEOF_SHORT 2
| #define SIZEOF_INT 4
| #define SIZEOF_LONG 8
| #define SIZEOF_LONG_LONG 8
| /* end confdefs.h.  */
| #include <stdio.h>
| #ifdef HAVE_SYS_TYPES_H
| # include <sys/types.h>
| #endif
| #ifdef HAVE_SYS_STAT_H
| # include <sys/stat.h>
| #endif
| #ifdef STDC_HEADERS
| # include <stdlib.h>
| # include <stddef.h>
| #else
| # ifdef HAVE_STDLIB_H
| #  include <stdlib.h>
| # endif
| #endif
| #ifdef HAVE_STRING_H
| # if !defined STDC_HEADERS && defined HAVE_MEMORY_H
| #  include <memory.h>
| # endif
| # include <string.h>
| #endif
| #ifdef HAVE_STRINGS_H
| # include <strings.h>
| #endif
| #ifdef HAVE_INTTYPES_H
| # include <inttypes.h>
| #endif
| #ifdef HAVE_STDINT_H
| # include <stdint.h>
| #endif
| #ifdef HAVE_UNISTD_H
| # include <unistd.h>
| #endif
| int
| main ()
| {
| if (sizeof ((int32_t)))
| 	    return 0;
|   ;
|   return 0;
| }
configure:3851: result: yes
configure:3866: checking linux/sbpcd.h usability
configure:3866: gcc -c -g -O2  conftest.c >&5
conftest.c:56:10: fatal error: linux/sbpcd.h: No such file or directory
 #include <linux/sbpcd.h>
          ^~~~~~~~~~~~~~~
compilation terminated.
configure:3866: $? = 1
configure: failed program was:
| /* confdefs.h */
| #define PACKAGE_NAME ""
| #define PACKAGE_TARNAME ""
| #define PACKAGE_VERSION ""
| #define PACKAGE_STRING ""
| #define PACKAGE_BUGREPORT ""
| #define PACKAGE_URL ""
| #define STDC_HEADERS 1
| #define HAVE_SYS_TYPES_H 1
| #define HAVE_SYS_STAT_H 1
| #define HAVE_STDLIB_H 1
| #define HAVE_STRING_H 1
| #define HAVE_MEMORY_H 1
| #define HAVE_STRINGS_H 1
| #define HAVE_INTTYPES_H 1
| #define HAVE_STDINT_H 1
| #define HAVE_UNISTD_H 1
| #define SIZEOF_SHORT 2
| #define SIZEOF_INT 4
| #define SIZEOF_LONG 8
| #define SIZEOF_LONG_LONG 8
| /* end confdefs.h.  */
| #include <stdio.h>
| #ifdef HAVE_SYS_TYPES_H
| # include <sys/types.h>
| #endif
| #ifdef HAVE_SYS_STAT_H
| # include <sys/stat.h>
| #endif
| #ifdef STDC_HEADERS
| # include <stdlib.h>
| # include <stddef.h>
| #else
| # ifdef HAVE_STDLIB_H
| #  include <stdlib.h>
| # endif
| #endif
| #ifdef HAVE_STRING_H
| # if !defined STDC_HEADERS && defined HAVE_MEMORY_H
| #  include <memory.h>
| # endif
| # include <string.h>
| #endif
| #ifdef HAVE_STRINGS_H
| # include <strings.h>
| #endif
| #ifdef HAVE_INTTYPES_H
| # include <inttypes.h>
| #endif
| #ifdef HAVE_STDINT_H
| # include <stdint.h>
| #endif
| #ifdef HAVE_UNISTD_H
| # include <unistd.h>
| #endif
| #include <linux/sbpcd.h>
configure:3866: result: no
configure:3866: checking linux/sbpcd.h presence
configure:3866: gcc -E  conftest.c
conftest.c:23:10: fatal error: linux/sbpcd.h: No such file or directory
 #include <linux/sbpcd.h>
          ^~~~~~~~~~~~~~~
compilation terminated.
configure:3866: $? = 1
configure: failed program was:
| /* confdefs.h */
| #define PACKAGE_NAME ""
| #define PACKAGE_TARNAME ""
| #define PACKAGE_VERSION ""
| #define PACKAGE_STRING ""
| #define PACKAGE_BUGREPORT ""
| #define PACKAGE_URL ""
| #define STDC_HEADERS 1
| #define HAVE_SYS_TYPES_H 1
| #define HAVE_SYS_STAT_H 1
| #define HAVE_STDLIB_H 1
| #define HAVE_STRING_H 1
| #define HAVE_MEMORY_H 1
| #define HAVE_STRINGS_H 1
| #define HAVE_INTTYPES_H 1
| #define HAVE_STDINT_H 1
| #define HAVE_UNISTD_H 1
| #define SIZEOF_SHORT 2
| #define SIZEOF_INT 4
| #define SIZEOF_LONG 8
| #define SIZEOF_LONG_LONG 8
| /* end confdefs.h.  */
| #include <linux/sbpcd.h>
configure:3866: result: no
configure:3866: checking for linux/sbpcd.h
configure:3866: result: no
configure:3878: checking linux/ucdrom.h usability
configure:3878: gcc -c -g -O2  conftest.c >&5
conftest.c:56:10: fatal error: linux/ucdrom.h: No such file or directory
 #include <linux/ucdrom.h>
          ^~~~~~~~~~~~~~~~
compilation terminated.
configure:3878: $? = 1
configure: failed program was:
| /* confdefs.h */
| #define PACKAGE_NAME ""
| #define PACKAGE_TARNAME ""
| #define PACKAGE_VERSION ""
| #define PACKAGE_STRING ""
| #define PACKAGE_BUGREPORT ""
| #define PACKAGE_URL ""
| #define STDC_HEADERS 1
| #define HAVE_SYS_TYPES_H 1
| #define HAVE_SYS_STAT_H 1
| #define HAVE_STDLIB_H 1
| #define HAVE_STRING_H 1
| #define HAVE_MEMORY_H 1
| #define HAVE_STRINGS_H 1
| #define HAVE_INTTYPES_H 1
| #define HAVE_STDINT_H 1
| #define HAVE_UNISTD_H 1
| #define SIZEOF_SHORT 2
| #define SIZEOF_INT 4
| #define SIZEOF_LONG 8
| #define SIZEOF_LONG_LONG 8
| /* end confdefs.h.  */
| #include <stdio.h>
| #ifdef HAVE_SYS_TYPES_H
| # include <sys/types.h>
| #endif
| #ifdef HAVE_SYS_STAT_H
| # include <sys/stat.h>
| #endif
| #ifdef STDC_HEADERS
| # include <stdlib.h>
| # include <stddef.h>
| #else
| # ifdef HAVE_STDLIB_H
| #  include <stdlib.h>
| # endif
| #endif
| #ifdef HAVE_STRING_H
| # if !defined STDC_HEADERS && defined HAVE_MEMORY_H
| #  include <memory.h>
| # endif
| # include <string.h>
| #endif
| #ifdef HAVE_STRINGS_H
| # include <strings.h>
| #endif
| #ifdef HAVE_INTTYPES_H
| # include <inttypes.h>
| #endif
| #ifdef HAVE_STDINT_H
| # include <stdint.h>
| #endif
| #ifdef HAVE_UNISTD_H
| # include <unistd.h>
| #endif
| #include <linux/ucdrom.h>
configure:3878: result: no
configure:3878: checking linux/ucdrom.h presence
configure:3878: gcc -E  conftest.c
conftest.c:23:10: fatal error: linux/ucdrom.h: No such file or directory
 #include <linux/ucdrom.h>
          ^~~~~~~~~~~~~~~~
compilation terminated.
configure:3878: $? = 1
configure: failed program was:
| /* confdefs.h */
| #define PACKAGE_NAME ""
| #define PACKAGE_TARNAME ""
| #define PACKAGE_VERSION ""
| #define PACKAGE_STRING ""
| #define PACKAGE_BUGREPORT ""
| #define PACKAGE_URL ""
| #define STDC_HEADERS 1
| #define HAVE_SYS_TYPES_H 1
| #define HAVE_SYS_STAT_H 1
| #define HAVE_STDLIB_H 1
| #define HAVE_STRING_H 1
| #define HAVE_MEMORY_H 1
| #define HAVE_STRINGS_H 1
| #define HAVE_INTTYPES_H 1
| #define HAVE_STDINT_H 1
| #define HAVE_UNISTD_H 1
| #define SIZEOF_SHORT 2
| #define SIZEOF_INT 4
| #define SIZEOF_LONG 8
| #define SIZEOF_LONG_LONG 8
| /* end confdefs.h.  */
| #include <linux/ucdrom.h>
configure:3878: result: no
configure:3878: checking for linux/ucdrom.h
configure:3878: result: no
configure:3889: checking whether make sets $(MAKE)
configure:3911: result: yes
configure:3920: checking for an ANSI C-conforming const
configure:3986: gcc -c -g -O2  conftest.c >&5
configure:3986: $? = 0
configure:3993: result: yes
configure:4161: creating ./config.status

## ---------------------- ##
## Running config.status. ##
## ---------------------- ##

This file was extended by config.status, which was
generated by GNU Autoconf 2.69.  Invocation command line was

  CONFIG_FILES    = 
  CONFIG_HEADERS  = 
  CONFIG_LINKS    = 
  CONFIG_COMMANDS = 
  $ ./config.status 

on abby

config.status:744: creating Makefile
config.status:843: WARNING:  'Makefile.in' seems to ignore the --datarootdir setting
config.status:744: creating interface/Makefile
config.status:744: creating paranoia/Makefile
config.status:744: creating cdparanoia-3.pc

## ---------------- ##
## Cache variables. ##
## ---------------- ##

ac_cv_build=x86_64-unknown-linux-gnu
ac_cv_c_compiler_gnu=yes
ac_cv_c_const=yes
ac_cv_env_CC_set=
ac_cv_env_CC_value=
ac_cv_env_CFLAGS_set=
ac_cv_env_CFLAGS_value=
ac_cv_env_CPPFLAGS_set=
ac_cv_env_CPPFLAGS_value=
ac_cv_env_CPP_set=
ac_cv_env_CPP_value=
ac_cv_env_LDFLAGS_set=
ac_cv_env_LDFLAGS_value=
ac_cv_env_LIBS_set=
ac_cv_env_LIBS_value=
ac_cv_env_build_alias_set=
ac_cv_env_build_alias_value=
ac_cv_env_host_alias_set=
ac_cv_env_host_alias_value=
ac_cv_env_target_alias_set=
ac_cv_env_target_alias_value=
ac_cv_header_inttypes_h=yes
ac_cv_header_linux_sbpcd_h=no
ac_cv_header_linux_ucdrom_h=no
ac_cv_header_memory_h=yes
ac_cv_header_stdc=yes
ac_cv_header_stdint_h=yes
ac_cv_header_stdlib_h=yes
ac_cv_header_string_h=yes
ac_cv_header_strings_h=yes
ac_cv_header_sys_stat_h=yes
ac_cv_header_sys_types_h=yes
ac_cv_header_unistd_h=yes
ac_cv_host=x86_64-unknown-linux-gnu
ac_cv_objext=o
ac_cv_path_EGREP='/usr/bin/grep -E'
ac_cv_path_GREP=/usr/bin/grep
ac_cv_prog_AR=ar
ac_cv_prog_CPP='gcc -E'
ac_cv_prog_INSTALL=install
ac_cv_prog_ac_ct_CC=gcc
ac_cv_prog_ac_ct_RANLIB=ranlib
ac_cv_prog_cc_c89=
ac_cv_prog_cc_g=yes
ac_cv_prog_make_make_set=yes
ac_cv_sizeof_int=4
ac_cv_sizeof_long=8
ac_cv_sizeof_long_long=8
ac_cv_sizeof_short=2
ac_cv_type_int16_t=yes
ac_cv_type_int32_t=yes

## ----------------- ##
## Output variables. ##
## ----------------- ##

AR='ar'
CC='gcc'
CFLAGS='-g -O2'
CPP='gcc -E'
CPPFLAGS=''
DEBUG='-g -Wall -fsigned-char'
DEFS='-DPACKAGE_NAME=\"\" -DPACKAGE_TARNAME=\"\" -DPACKAGE_VERSION=\"\" -DPACKAGE_STRING=\"\" -DPACKAGE_BUGREPORT=\"\" -DPACKAGE_URL=\"\" -DSTDC_HEADERS=1 -DHAVE_SYS_TYPES_H=1 -DHAVE_SYS_STAT_H=1 -DHAVE_STDLIB_H=1 -DHAVE_STRING_H=1 -DHAVE_MEMORY_H=1 -DHAVE_STRINGS_H=1 -DHAVE_INTTYPES_H=1 -DHAVE_STDINT_H=1 -DHAVE_UNISTD_H=1 -DSIZEOF_SHORT=2 -DSIZEOF_INT=4 -DSIZEOF_LONG=8 -DSIZEOF_LONG_LONG=8'
ECHO_C=''
ECHO_N='-n'
ECHO_T=''
EGREP='/usr/bin/grep -E'
EXEEXT=''
GREP='/usr/bin/grep'
INSTALL='install'
LDFLAGS=''
LIBOBJS=''
LIBS=''
LTLIBOBJS=''
OBJEXT='o'
OPT='-O2 -fsigned-char'
PACKAGE_BUGREPORT=''
PACKAGE_NAME=''
PACKAGE_STRING=''
PACKAGE_TARNAME=''
PACKAGE_URL=''
PACKAGE_VERSION=''
PATH_SEPARATOR=':'
RANLIB='ranlib'
SBPCD_H=''
SET_MAKE=''
SHELL='/bin/sh'
TYPESIZES=''
UCDROM_H=''
VERSION='10.3pre'
ac_ct_CC='gcc'
bindir='${exec_prefix}/bin'
build='x86_64-unknown-linux-gnu'
build_alias=''
build_cpu='x86_64'
build_os='linux-gnu'
build_vendor='unknown'
datadir='${datarootdir}'
datarootdir='${prefix}/share'
docdir='${datarootdir}/doc/${PACKAGE}'
dvidir='${docdir}'
exec_prefix='${prefix}'
host='x86_64-unknown-linux-gnu'
host_alias=''
host_cpu='x86_64'
host_os='linux-gnu'
host_vendor='unknown'
htmldir='${docdir}'
includedir='${prefix}/include'
infodir='${datarootdir}/info'
libdir='${exec_prefix}/lib'
libexecdir='${exec_prefix}/libexec'
localedir='${datarootdir}/locale'
localstatedir='${prefix}/var'
mandir='${datarootdir}/man'
oldincludedir='/usr/include'
pdfdir='${docdir}'
prefix='/usr/local'
program_transform_name='s,x,x,'
psdir='${docdir}'
sbindir='${exec_prefix}/sbin'
sharedstatedir='${prefix}/com'
sysconfdir='${prefix}/etc'
target_alias=''

## ----------- ##
## confdefs.h. ##
## ----------- ##

/* confdefs.h */
#define PACKAGE_NAME ""
#define PACKAGE_TARNAME ""
#define PACKAGE_VERSION ""
#define PACKAGE_STRING ""
#define PACKAGE_BUGREPORT ""
#define PACKAGE_URL ""
#define STDC_HEADERS 1
#define HAVE_SYS_TYPES_H 1
#define HAVE_SYS_STAT_H 1
#define HAVE_STDLIB_H 1
#define HAVE_STRING_H 1
#define HAVE_MEMORY_H 1
#define HAVE_STRINGS_H 1
#define HAVE_INTTYPES_H 1
#define HAVE_STDINT_H 1
#define HAVE_UNISTD_H 1
#define SIZEOF_SHORT 2
#define SIZEOF_INT 4
#define SIZEOF_LONG 8
#define SIZEOF_LONG_LONG 8

configure: exit 0
